<?xml version="1.0" encoding="UTF-8"?>
<testsuites>
  <testsuite name="D:\Dropbox\Dokumente\Development\PHP Projects\iot-data-receiver\test" tests="3" assertions="3" errors="0" warnings="0" failures="0" skipped="0" time="0.012437">
    <testsuite name="LeoVie\IotDataReceiver\Test\Validator\IdValidatorTest" file="D:\Dropbox\Dokumente\Development\PHP Projects\iot-data-receiver\test\Validator\IdValidatorTest.php" tests="3" assertions="3" errors="0" warnings="0" failures="0" skipped="0" time="0.012437">
      <testcase name="testFailsWithMissingId" class="LeoVie\IotDataReceiver\Test\Validator\IdValidatorTest" classname="LeoVie.IotDataReceiver.Test.Validator.IdValidatorTest" file="D:\Dropbox\Dokumente\Development\PHP Projects\iot-data-receiver\test\Validator\IdValidatorTest.php" line="19" assertions="1" time="0.008166"/>
      <testcase name="testFailsWithIllegalId" class="LeoVie\IotDataReceiver\Test\Validator\IdValidatorTest" classname="LeoVie.IotDataReceiver.Test.Validator.IdValidatorTest" file="D:\Dropbox\Dokumente\Development\PHP Projects\iot-data-receiver\test\Validator\IdValidatorTest.php" line="25" assertions="1" time="0.001755"/>
      <testcase name="testSuccess" class="LeoVie\IotDataReceiver\Test\Validator\IdValidatorTest" classname="LeoVie.IotDataReceiver.Test.Validator.IdValidatorTest" file="D:\Dropbox\Dokumente\Development\PHP Projects\iot-data-receiver\test\Validator\IdValidatorTest.php" line="31" assertions="1" time="0.002516"/>
    </testsuite>
  </testsuite>
</testsuites>
